[2026-02-24T12:56:37.580Z] [31MERROR[39M: Database initialization error. Please try again later.
[2026-02-24T12:58:55.489Z] [31MERROR[39M: Unauthorized, please log in
[2026-02-24T12:59:08.371Z] [31MERROR[39M: Unauthorized, please log in
[2026-02-24T12:59:50.006Z] [31MERROR[39M: You are not authorized to perform this action
[2026-02-24T12:59:59.274Z] [31MERROR[39M: You are not authorized to perform this action
[2026-02-24T13:00:13.618Z] [31MERROR[39M: Cannot read properties of undefined (reading 'trim')
[2026-02-24T13:01:33.310Z] [31MERROR[39M: Email or password is incorrect.
[2026-02-24T13:01:53.892Z] [31MERROR[39M: Unauthorized, please log in
[2026-02-24T13:03:30.457Z] [31MERROR[39M: Validation errors:
[2026-02-24T13:03:30.463Z] [31MERROR[39M: Validation failed
[2026-02-24T13:12:03.426Z] [31MERROR[39M: Invalid status transition from DELIVERED to IN_TRANSIT
[2026-02-24T13:20:07.167Z] [31MERROR[39M: Unauthorized, please log in
[2026-02-24T13:20:14.486Z] [31MERROR[39M: Invalid access token, please log in
[2026-02-24T13:33:41.170Z] [31MERROR[39M: Email or password is incorrect.
[2026-02-24T13:36:01.693Z] [31MERROR[39M: Unauthorized, please log in
[2026-02-24T13:39:16.593Z] [31MERROR[39M: Unauthorized, please log in
[2026-02-24T13:39:19.840Z] [31MERROR[39M: Unauthorized, please log in
[2026-02-24T13:39:25.173Z] [31MERROR[39M: Unauthorized, please log in
[2026-02-24T13:39:25.877Z] [31MERROR[39M: Unauthorized, please log in
[2026-02-24T13:40:19.628Z] [31MERROR[39M: Email or password is incorrect.
[2026-02-24T13:41:21.287Z] [31MERROR[39M: Email or password is incorrect.
[2026-02-24T13:41:44.102Z] [31MERROR[39M: Unauthorized, please log in
[2026-02-24T13:43:54.576Z] [31MERROR[39M: Unauthorized, please log in
[2026-02-24T13:46:02.751Z] [31MERROR[39M: Unauthorized, please log in
[2026-02-24T13:46:04.635Z] [31MERROR[39M: Unauthorized, please log in
[2026-02-24T13:47:45.956Z] [31MERROR[39M: Unauthorized, please log in
[2026-02-24T13:50:51.555Z] [31MERROR[39M: Validation errors:
[2026-02-24T13:50:51.556Z] [31MERROR[39M: Validation failed
[2026-02-24T13:51:02.360Z] [31MERROR[39M: Validation errors:
[2026-02-24T13:51:02.361Z] [31MERROR[39M: Validation failed
[2026-02-24T13:51:17.668Z] [31MERROR[39M: Validation errors:
[2026-02-24T13:51:17.669Z] [31MERROR[39M: Validation failed
[2026-02-24T13:51:29.559Z] [31MERROR[39M: Unauthorized, please log in
[2026-02-24T13:51:36.900Z] [31MERROR[39M: Unauthorized, please log in
[2026-02-24T13:51:48.212Z] [31MERROR[39M: Validation errors:
[2026-02-24T13:51:48.212Z] [31MERROR[39M: Validation failed
[2026-02-24T13:51:57.589Z] [31MERROR[39M: Unauthorized, please log in
[2026-02-24T13:52:09.551Z] [31MERROR[39M: Unauthorized, please log in
[2026-02-24T13:52:46.669Z] [31MERROR[39M: Expected property name or '}' in JSON at position 1 (line 1 column 2)
[2026-02-24T13:53:09.535Z] [31MERROR[39M: Validation errors:
[2026-02-24T13:53:09.536Z] [31MERROR[39M: Validation failed
[2026-02-24T13:53:21.230Z] [31MERROR[39M: Validation errors:
[2026-02-24T13:53:21.231Z] [31MERROR[39M: Validation failed
[2026-02-24T14:15:40.485Z] [31MERROR[39M: Invalid access token, please log in
[2026-02-24T14:30:40.782Z] [31MERROR[39M: Invalid access token, please log in
